e:\cu-icar\course files\fall 2020\ece631-intro to computer vision\reading materials\gui\debug\vc142.pdb
e:\cu-icar\course files\fall 2020\ece631-intro to computer vision\reading materials\gui\debug\vc142.idb
e:\cu-icar\course files\fall 2020\ece631-intro to computer vision\reading materials\gui\debug\main.obj
e:\cu-icar\course files\fall 2020\ece631-intro to computer vision\reading materials\gui2\debug\vc142.pdb
e:\cu-icar\course files\fall 2020\ece631-intro to computer vision\reading materials\gui2\debug\vc142.idb
e:\cu-icar\course files\fall 2020\ece631-intro to computer vision\reading materials\gui2\debug\main.obj
e:\cu-icar\course files\fall 2020\ece631-intro to computer vision\assignments\hw4\project files\debug\vc142.pdb
e:\cu-icar\course files\fall 2020\ece631-intro to computer vision\assignments\hw4\project files\debug\vc142.idb
e:\cu-icar\course files\fall 2020\ece631-intro to computer vision\assignments\hw4\project files\debug\main.obj
e:\cu-icar\course files\fall 2020\ece631-intro to computer vision\reading materials\gui\debug\plus.exe
e:\cu-icar\course files\fall 2020\ece631-intro to computer vision\reading materials\gui\debug\plus.ilk
e:\cu-icar\course files\fall 2020\ece631-intro to computer vision\reading materials\gui\debug\plus.pdb
e:\cu-icar\course files\fall 2020\ece631-intro to computer vision\reading materials\gui2\debug\plus.exe
e:\cu-icar\course files\fall 2020\ece631-intro to computer vision\reading materials\gui2\debug\plus.ilk
e:\cu-icar\course files\fall 2020\ece631-intro to computer vision\reading materials\gui2\debug\plus.pdb
e:\cu-icar\course files\fall 2020\ece631-intro to computer vision\assignments\hw4\project files\debug\plus.exe
e:\cu-icar\course files\fall 2020\ece631-intro to computer vision\assignments\hw4\project files\debug\plus.ilk
e:\cu-icar\course files\fall 2020\ece631-intro to computer vision\assignments\hw4\project files\debug\plus.pdb
e:\cu-icar\course files\fall 2020\ece631-intro to computer vision\reading materials\gui\debug\interface.res
e:\cu-icar\course files\fall 2020\ece631-intro to computer vision\reading materials\gui2\debug\interface.res
e:\cu-icar\course files\fall 2020\ece631-intro to computer vision\assignments\hw4\project files\debug\interface.res
e:\cu-icar\course files\fall 2020\ece631-intro to computer vision\assignments\hw4\project files\debug\plus.tlog\cl.command.1.tlog
e:\cu-icar\course files\fall 2020\ece631-intro to computer vision\assignments\hw4\project files\debug\plus.tlog\cl.read.1.tlog
e:\cu-icar\course files\fall 2020\ece631-intro to computer vision\assignments\hw4\project files\debug\plus.tlog\cl.write.1.tlog
e:\cu-icar\course files\fall 2020\ece631-intro to computer vision\assignments\hw4\project files\debug\plus.tlog\link.command.1.tlog
e:\cu-icar\course files\fall 2020\ece631-intro to computer vision\assignments\hw4\project files\debug\plus.tlog\link.read.1.tlog
e:\cu-icar\course files\fall 2020\ece631-intro to computer vision\assignments\hw4\project files\debug\plus.tlog\link.write.1.tlog
e:\cu-icar\course files\fall 2020\ece631-intro to computer vision\assignments\hw4\project files\debug\plus.tlog\rc.command.1.tlog
e:\cu-icar\course files\fall 2020\ece631-intro to computer vision\assignments\hw4\project files\debug\plus.tlog\rc.read.1.tlog
e:\cu-icar\course files\fall 2020\ece631-intro to computer vision\assignments\hw4\project files\debug\plus.tlog\rc.write.1.tlog
