cl : command line warning D9035: option 'Gm' has been deprecated and will be removed in a future release
  main.c
C:\Users\huzef\Documents\GitHub\ECE6310-Introduction-to-Computer-Vision\Final Project-Interactive Active Contours\Interactive Active Contours\main.c(149,35): warning C4113: 'void (__cdecl *)()' differs in parameter lists from '_beginthread_proc_type'
C:\Users\huzef\Documents\GitHub\ECE6310-Introduction-to-Computer-Vision\Final Project-Interactive Active Contours\Interactive Active Contours\main.c(160,32): warning C4113: 'void (__cdecl *)()' differs in parameter lists from '_beginthread_proc_type'
C:\Users\huzef\Documents\GitHub\ECE6310-Introduction-to-Computer-Vision\Final Project-Interactive Active Contours\Interactive Active Contours\main.c(169,63): warning C4113: 'void (__cdecl *)()' differs in parameter lists from '_beginthread_proc_type'
C:\Users\huzef\Documents\GitHub\ECE6310-Introduction-to-Computer-Vision\Final Project-Interactive Active Contours\Interactive Active Contours\main.c(170,70): warning C4113: 'void (__cdecl *)()' differs in parameter lists from '_beginthread_proc_type'
C:\Users\huzef\Documents\GitHub\ECE6310-Introduction-to-Computer-Vision\Final Project-Interactive Active Contours\Interactive Active Contours\main.c(80,43): warning C4101: 'indices': unreferenced local variable
C:\Users\huzef\Documents\GitHub\ECE6310-Introduction-to-Computer-Vision\Final Project-Interactive Active Contours\Interactive Active Contours\main.c(80,34): warning C4101: 'r2': unreferenced local variable
C:\Users\huzef\Documents\GitHub\ECE6310-Introduction-to-Computer-Vision\Final Project-Interactive Active Contours\Interactive Active Contours\main.c(80,31): warning C4101: 'c': unreferenced local variable
C:\Users\huzef\Documents\GitHub\ECE6310-Introduction-to-Computer-Vision\Final Project-Interactive Active Contours\Interactive Active Contours\main.c(80,38): warning C4101: 'c2': unreferenced local variable
C:\Users\huzef\Documents\GitHub\ECE6310-Introduction-to-Computer-Vision\Final Project-Interactive Active Contours\Interactive Active Contours\main.c(80,28): warning C4101: 'r': unreferenced local variable
C:\Users\huzef\Documents\GitHub\ECE6310-Introduction-to-Computer-Vision\Final Project-Interactive Active Contours\Interactive Active Contours\main.c(496,53): warning C4047: 'function': 'BOOL *' differs in levels of indirection from 'BOOL **'
C:\Users\huzef\Documents\GitHub\ECE6310-Introduction-to-Computer-Vision\Final Project-Interactive Active Contours\Interactive Active Contours\main.c(496,48): warning C4024: 'GetDlgItemInt': different types for formal and actual parameter 3
C:\Users\huzef\Documents\GitHub\ECE6310-Introduction-to-Computer-Vision\Final Project-Interactive Active Contours\Interactive Active Contours\main.c(502,53): warning C4047: 'function': 'BOOL *' differs in levels of indirection from 'BOOL **'
C:\Users\huzef\Documents\GitHub\ECE6310-Introduction-to-Computer-Vision\Final Project-Interactive Active Contours\Interactive Active Contours\main.c(502,48): warning C4024: 'GetDlgItemInt': different types for formal and actual parameter 3
C:\Users\huzef\Documents\GitHub\ECE6310-Introduction-to-Computer-Vision\Final Project-Interactive Active Contours\Interactive Active Contours\main.c(602,58): warning C4244: '=': conversion from 'double' to 'float', possible loss of data
C:\Users\huzef\Documents\GitHub\ECE6310-Introduction-to-Computer-Vision\Final Project-Interactive Active Contours\Interactive Active Contours\main.c(594,1): warning C4244: 'initializing': conversion from 'double' to 'float', possible loss of data
C:\Users\huzef\Documents\GitHub\ECE6310-Introduction-to-Computer-Vision\Final Project-Interactive Active Contours\Interactive Active Contours\main.c(603,1): warning C4244: 'initializing': conversion from 'double' to 'int', possible loss of data
C:\Users\huzef\Documents\GitHub\ECE6310-Introduction-to-Computer-Vision\Final Project-Interactive Active Contours\Interactive Active Contours\main.c(525,13): warning C4101: 'b': unreferenced local variable
C:\Users\huzef\Documents\GitHub\ECE6310-Introduction-to-Computer-Vision\Final Project-Interactive Active Contours\Interactive Active Contours\main.c(525,10): warning C4101: 'j': unreferenced local variable
C:\Users\huzef\Documents\GitHub\ECE6310-Introduction-to-Computer-Vision\Final Project-Interactive Active Contours\Interactive Active Contours\main.c(525,7): warning C4101: 'i': unreferenced local variable
C:\Users\huzef\Documents\GitHub\ECE6310-Introduction-to-Computer-Vision\Final Project-Interactive Active Contours\Interactive Active Contours\main.c(754,78): warning C4244: '+=': conversion from 'double' to 'float', possible loss of data
C:\Users\huzef\Documents\GitHub\ECE6310-Introduction-to-Computer-Vision\Final Project-Interactive Active Contours\Interactive Active Contours\main.c(758,87): warning C4244: '+=': conversion from 'double' to 'float', possible loss of data
C:\Users\huzef\Documents\GitHub\ECE6310-Introduction-to-Computer-Vision\Final Project-Interactive Active Contours\Interactive Active Contours\main.c(759,24): warning C4244: '=': conversion from 'double' to 'float', possible loss of data
C:\Users\huzef\Documents\GitHub\ECE6310-Introduction-to-Computer-Vision\Final Project-Interactive Active Contours\Interactive Active Contours\main.c(763,32): warning C4020: 'RegionGrowing': too many actual parameters
C:\Users\huzef\Documents\GitHub\ECE6310-Introduction-to-Computer-Vision\Final Project-Interactive Active Contours\Interactive Active Contours\main.c(743,28): warning C4101: 'BoxWidth': unreferenced local variable
C:\Users\huzef\Documents\GitHub\ECE6310-Introduction-to-Computer-Vision\Final Project-Interactive Active Contours\Interactive Active Contours\main.c(741,7): warning C4101: 'hDC': unreferenced local variable
C:\Users\huzef\Documents\GitHub\ECE6310-Introduction-to-Computer-Vision\Final Project-Interactive Active Contours\Interactive Active Contours\main.c(743,41): warning C4101: 'c': unreferenced local variable
C:\Users\huzef\Documents\GitHub\ECE6310-Introduction-to-Computer-Vision\Final Project-Interactive Active Contours\Interactive Active Contours\main.c(743,38): warning C4101: 'r': unreferenced local variable
C:\Users\huzef\Documents\GitHub\ECE6310-Introduction-to-Computer-Vision\Final Project-Interactive Active Contours\Interactive Active Contours\main.c(742,7): warning C4101: 'text': unreferenced local variable
C:\Users\huzef\Documents\GitHub\ECE6310-Introduction-to-Computer-Vision\Final Project-Interactive Active Contours\Interactive Active Contours\main.c(776,1): warning C4029: declared formal parameter list different from definition
C:\Users\huzef\Documents\GitHub\ECE6310-Introduction-to-Computer-Vision\Final Project-Interactive Active Contours\Interactive Active Contours\main.c(814,99): warning C4244: '=': conversion from 'double' to 'int', possible loss of data
C:\Users\huzef\Documents\GitHub\ECE6310-Introduction-to-Computer-Vision\Final Project-Interactive Active Contours\Interactive Active Contours\main.c(837,30): warning C4244: 'function': conversion from 'double' to 'DWORD', possible loss of data
C:\Users\huzef\Documents\GitHub\ECE6310-Introduction-to-Computer-Vision\Final Project-Interactive Active Contours\Interactive Active Contours\main.c(901,45): warning C4244: '=': conversion from 'double' to 'int', possible loss of data
C:\Users\huzef\Documents\GitHub\ECE6310-Introduction-to-Computer-Vision\Final Project-Interactive Active Contours\Interactive Active Contours\main.c(902,45): warning C4244: '=': conversion from 'double' to 'int', possible loss of data
C:\Users\huzef\Documents\GitHub\ECE6310-Introduction-to-Computer-Vision\Final Project-Interactive Active Contours\Interactive Active Contours\main.c(915,45): warning C4244: '=': conversion from 'double' to 'float', possible loss of data
C:\Users\huzef\Documents\GitHub\ECE6310-Introduction-to-Computer-Vision\Final Project-Interactive Active Contours\Interactive Active Contours\main.c(916,45): warning C4244: '=': conversion from 'double' to 'float', possible loss of data
C:\Users\huzef\Documents\GitHub\ECE6310-Introduction-to-Computer-Vision\Final Project-Interactive Active Contours\Interactive Active Contours\main.c(928,41): warning C4244: '=': conversion from 'double' to 'float', possible loss of data
C:\Users\huzef\Documents\GitHub\ECE6310-Introduction-to-Computer-Vision\Final Project-Interactive Active Contours\Interactive Active Contours\main.c(929,41): warning C4244: '=': conversion from 'double' to 'float', possible loss of data
C:\Users\huzef\Documents\GitHub\ECE6310-Introduction-to-Computer-Vision\Final Project-Interactive Active Contours\Interactive Active Contours\main.c(948,59): warning C4244: '=': conversion from 'double' to 'float', possible loss of data
C:\Users\huzef\Documents\GitHub\ECE6310-Introduction-to-Computer-Vision\Final Project-Interactive Active Contours\Interactive Active Contours\main.c(904,1): warning C4244: 'initializing': conversion from 'int' to 'float', possible loss of data
C:\Users\huzef\Documents\GitHub\ECE6310-Introduction-to-Computer-Vision\Final Project-Interactive Active Contours\Interactive Active Contours\main.c(912,1): warning C4305: 'initializing': truncation from 'double' to 'float'
C:\Users\huzef\Documents\GitHub\ECE6310-Introduction-to-Computer-Vision\Final Project-Interactive Active Contours\Interactive Active Contours\main.c(925,1): warning C4305: 'initializing': truncation from 'double' to 'float'
C:\Users\huzef\Documents\GitHub\ECE6310-Introduction-to-Computer-Vision\Final Project-Interactive Active Contours\Interactive Active Contours\main.c(945,1): warning C4305: 'initializing': truncation from 'double' to 'float'
C:\Users\huzef\Documents\GitHub\ECE6310-Introduction-to-Computer-Vision\Final Project-Interactive Active Contours\Interactive Active Contours\main.c(847,19): warning C4101: 'bm_info_header': unreferenced local variable
C:\Users\huzef\Documents\GitHub\ECE6310-Introduction-to-Computer-Vision\Final Project-Interactive Active Contours\Interactive Active Contours\main.c(845,16): warning C4101: 'Painter': unreferenced local variable
C:\Users\huzef\Documents\GitHub\ECE6310-Introduction-to-Computer-Vision\Final Project-Interactive Active Contours\Interactive Active Contours\main.c(848,16): warning C4101: 'bm_info': unreferenced local variable
C:\Users\huzef\Documents\GitHub\ECE6310-Introduction-to-Computer-Vision\Final Project-Interactive Active Contours\Interactive Active Contours\main.c(1028,45): warning C4244: '=': conversion from 'double' to 'int', possible loss of data
C:\Users\huzef\Documents\GitHub\ECE6310-Introduction-to-Computer-Vision\Final Project-Interactive Active Contours\Interactive Active Contours\main.c(1029,45): warning C4244: '=': conversion from 'double' to 'int', possible loss of data
C:\Users\huzef\Documents\GitHub\ECE6310-Introduction-to-Computer-Vision\Final Project-Interactive Active Contours\Interactive Active Contours\main.c(1042,45): warning C4244: '=': conversion from 'double' to 'float', possible loss of data
C:\Users\huzef\Documents\GitHub\ECE6310-Introduction-to-Computer-Vision\Final Project-Interactive Active Contours\Interactive Active Contours\main.c(1043,45): warning C4244: '=': conversion from 'double' to 'float', possible loss of data
C:\Users\huzef\Documents\GitHub\ECE6310-Introduction-to-Computer-Vision\Final Project-Interactive Active Contours\Interactive Active Contours\main.c(1055,41): warning C4244: '=': conversion from 'double' to 'float', possible loss of data
C:\Users\huzef\Documents\GitHub\ECE6310-Introduction-to-Computer-Vision\Final Project-Interactive Active Contours\Interactive Active Contours\main.c(1056,41): warning C4244: '=': conversion from 'double' to 'float', possible loss of data
C:\Users\huzef\Documents\GitHub\ECE6310-Introduction-to-Computer-Vision\Final Project-Interactive Active Contours\Interactive Active Contours\main.c(1076,59): warning C4244: '=': conversion from 'double' to 'float', possible loss of data
C:\Users\huzef\Documents\GitHub\ECE6310-Introduction-to-Computer-Vision\Final Project-Interactive Active Contours\Interactive Active Contours\main.c(1031,1): warning C4244: 'initializing': conversion from 'int' to 'float', possible loss of data
C:\Users\huzef\Documents\GitHub\ECE6310-Introduction-to-Computer-Vision\Final Project-Interactive Active Contours\Interactive Active Contours\main.c(1039,1): warning C4305: 'initializing': truncation from 'double' to 'float'
C:\Users\huzef\Documents\GitHub\ECE6310-Introduction-to-Computer-Vision\Final Project-Interactive Active Contours\Interactive Active Contours\main.c(1052,1): warning C4305: 'initializing': truncation from 'double' to 'float'
C:\Users\huzef\Documents\GitHub\ECE6310-Introduction-to-Computer-Vision\Final Project-Interactive Active Contours\Interactive Active Contours\main.c(1073,1): warning C4305: 'initializing': truncation from 'double' to 'float'
C:\Users\huzef\Documents\GitHub\ECE6310-Introduction-to-Computer-Vision\Final Project-Interactive Active Contours\Interactive Active Contours\main.c(974,19): warning C4101: 'bm_info_header': unreferenced local variable
C:\Users\huzef\Documents\GitHub\ECE6310-Introduction-to-Computer-Vision\Final Project-Interactive Active Contours\Interactive Active Contours\main.c(972,16): warning C4101: 'Painter': unreferenced local variable
C:\Users\huzef\Documents\GitHub\ECE6310-Introduction-to-Computer-Vision\Final Project-Interactive Active Contours\Interactive Active Contours\main.c(975,14): warning C4101: 'bm_info': unreferenced local variable
C:\Users\huzef\Documents\GitHub\ECE6310-Introduction-to-Computer-Vision\Final Project-Interactive Active Contours\Interactive Active Contours\main.c(1116,1): warning C4005: 'win': macro redefinition
C:\Users\huzef\Documents\GitHub\ECE6310-Introduction-to-Computer-Vision\Final Project-Interactive Active Contours\Interactive Active Contours\main.c(852): message : see previous definition of 'win'
C:\Users\huzef\Documents\GitHub\ECE6310-Introduction-to-Computer-Vision\Final Project-Interactive Active Contours\Interactive Active Contours\main.c(1172,45): warning C4244: '=': conversion from 'double' to 'int', possible loss of data
C:\Users\huzef\Documents\GitHub\ECE6310-Introduction-to-Computer-Vision\Final Project-Interactive Active Contours\Interactive Active Contours\main.c(1173,45): warning C4244: '=': conversion from 'double' to 'int', possible loss of data
C:\Users\huzef\Documents\GitHub\ECE6310-Introduction-to-Computer-Vision\Final Project-Interactive Active Contours\Interactive Active Contours\main.c(1186,45): warning C4244: '=': conversion from 'double' to 'float', possible loss of data
C:\Users\huzef\Documents\GitHub\ECE6310-Introduction-to-Computer-Vision\Final Project-Interactive Active Contours\Interactive Active Contours\main.c(1187,45): warning C4244: '=': conversion from 'double' to 'float', possible loss of data
C:\Users\huzef\Documents\GitHub\ECE6310-Introduction-to-Computer-Vision\Final Project-Interactive Active Contours\Interactive Active Contours\main.c(1199,41): warning C4244: '=': conversion from 'double' to 'float', possible loss of data
C:\Users\huzef\Documents\GitHub\ECE6310-Introduction-to-Computer-Vision\Final Project-Interactive Active Contours\Interactive Active Contours\main.c(1200,41): warning C4244: '=': conversion from 'double' to 'float', possible loss of data
C:\Users\huzef\Documents\GitHub\ECE6310-Introduction-to-Computer-Vision\Final Project-Interactive Active Contours\Interactive Active Contours\main.c(1234,59): warning C4244: '=': conversion from 'double' to 'float', possible loss of data
C:\Users\huzef\Documents\GitHub\ECE6310-Introduction-to-Computer-Vision\Final Project-Interactive Active Contours\Interactive Active Contours\main.c(1175,1): warning C4244: 'initializing': conversion from 'int' to 'float', possible loss of data
C:\Users\huzef\Documents\GitHub\ECE6310-Introduction-to-Computer-Vision\Final Project-Interactive Active Contours\Interactive Active Contours\main.c(1183,1): warning C4305: 'initializing': truncation from 'double' to 'float'
C:\Users\huzef\Documents\GitHub\ECE6310-Introduction-to-Computer-Vision\Final Project-Interactive Active Contours\Interactive Active Contours\main.c(1196,1): warning C4305: 'initializing': truncation from 'double' to 'float'
C:\Users\huzef\Documents\GitHub\ECE6310-Introduction-to-Computer-Vision\Final Project-Interactive Active Contours\Interactive Active Contours\main.c(1231,1): warning C4305: 'initializing': truncation from 'double' to 'float'
C:\Users\huzef\Documents\GitHub\ECE6310-Introduction-to-Computer-Vision\Final Project-Interactive Active Contours\Interactive Active Contours\main.c(1111,19): warning C4101: 'bm_info_header': unreferenced local variable
C:\Users\huzef\Documents\GitHub\ECE6310-Introduction-to-Computer-Vision\Final Project-Interactive Active Contours\Interactive Active Contours\main.c(1109,16): warning C4101: 'Painter': unreferenced local variable
C:\Users\huzef\Documents\GitHub\ECE6310-Introduction-to-Computer-Vision\Final Project-Interactive Active Contours\Interactive Active Contours\main.c(1112,17): warning C4101: 'bm_info': unreferenced local variable
C:\Users\huzef\Documents\GitHub\ECE6310-Introduction-to-Computer-Vision\Final Project-Interactive Active Contours\Interactive Active Contours\main.c(1321,45): warning C4244: '=': conversion from 'double' to 'int', possible loss of data
C:\Users\huzef\Documents\GitHub\ECE6310-Introduction-to-Computer-Vision\Final Project-Interactive Active Contours\Interactive Active Contours\main.c(1322,45): warning C4244: '=': conversion from 'double' to 'int', possible loss of data
C:\Users\huzef\Documents\GitHub\ECE6310-Introduction-to-Computer-Vision\Final Project-Interactive Active Contours\Interactive Active Contours\main.c(1335,45): warning C4244: '=': conversion from 'double' to 'float', possible loss of data
C:\Users\huzef\Documents\GitHub\ECE6310-Introduction-to-Computer-Vision\Final Project-Interactive Active Contours\Interactive Active Contours\main.c(1336,45): warning C4244: '=': conversion from 'double' to 'float', possible loss of data
C:\Users\huzef\Documents\GitHub\ECE6310-Introduction-to-Computer-Vision\Final Project-Interactive Active Contours\Interactive Active Contours\main.c(1348,41): warning C4244: '=': conversion from 'double' to 'float', possible loss of data
C:\Users\huzef\Documents\GitHub\ECE6310-Introduction-to-Computer-Vision\Final Project-Interactive Active Contours\Interactive Active Contours\main.c(1349,41): warning C4244: '=': conversion from 'double' to 'float', possible loss of data
C:\Users\huzef\Documents\GitHub\ECE6310-Introduction-to-Computer-Vision\Final Project-Interactive Active Contours\Interactive Active Contours\main.c(1383,59): warning C4244: '=': conversion from 'double' to 'float', possible loss of data
C:\Users\huzef\Documents\GitHub\ECE6310-Introduction-to-Computer-Vision\Final Project-Interactive Active Contours\Interactive Active Contours\main.c(1324,1): warning C4244: 'initializing': conversion from 'int' to 'float', possible loss of data
C:\Users\huzef\Documents\GitHub\ECE6310-Introduction-to-Computer-Vision\Final Project-Interactive Active Contours\Interactive Active Contours\main.c(1332,1): warning C4305: 'initializing': truncation from 'double' to 'float'
C:\Users\huzef\Documents\GitHub\ECE6310-Introduction-to-Computer-Vision\Final Project-Interactive Active Contours\Interactive Active Contours\main.c(1345,1): warning C4305: 'initializing': truncation from 'double' to 'float'
C:\Users\huzef\Documents\GitHub\ECE6310-Introduction-to-Computer-Vision\Final Project-Interactive Active Contours\Interactive Active Contours\main.c(1380,1): warning C4305: 'initializing': truncation from 'double' to 'float'
C:\Users\huzef\Documents\GitHub\ECE6310-Introduction-to-Computer-Vision\Final Project-Interactive Active Contours\Interactive Active Contours\main.c(1260,19): warning C4101: 'bm_info_header': unreferenced local variable
C:\Users\huzef\Documents\GitHub\ECE6310-Introduction-to-Computer-Vision\Final Project-Interactive Active Contours\Interactive Active Contours\main.c(1258,16): warning C4101: 'Painter': unreferenced local variable
C:\Users\huzef\Documents\GitHub\ECE6310-Introduction-to-Computer-Vision\Final Project-Interactive Active Contours\Interactive Active Contours\main.c(1261,17): warning C4101: 'bm_info': unreferenced local variable
main.obj : warning LNK4075: ignoring '/EDITANDCONTINUE' due to '/SAFESEH' specification
  plus.vcxproj -> C:\Users\huzef\Documents\GitHub\ECE6310-Introduction-to-Computer-Vision\Final Project-Interactive Active Contours\Interactive Active Contours\Debug\plus.exe
